TN:
SF:/Users/ens/pwd/uxcore/uxcore-pagination/src/index.js
FNF:0
FNH:0
DA:11,1
LF:1
LH:1
BRF:0
BRH:0
end_of_record
TN:
SF:/Users/ens/pwd/uxcore/uxcore-pagination/src/Pagination.jsx
FN:3,_defaults
FN:5,_classCallCheck
FN:7,_possibleConstructorReturn
FN:9,_inherits
FN:22,noop
FN:24,(anonymous_6)
FN:27,Pagination
FN:41,(anonymous_8)
FN:48,componentWillReceiveProps
FN:65,_calcPage
FN:76,_isValid
FN:80,_changePageSize
FN:100,_handleChange
FN:110,(anonymous_14)
FN:120,_prev
FN:126,_next
FN:132,_jumpPrev
FN:136,_jumpNext
FN:140,_hasPrev
FN:144,_hasNext
FN:148,renderTotal
FN:163,render
FN:322,ref
FNF:23
FNH:22
FNDA:1,_defaults
FNDA:2,_classCallCheck
FNDA:2,_possibleConstructorReturn
FNDA:1,_inherits
FNDA:8,noop
FNDA:1,(anonymous_6)
FNDA:2,Pagination
FNDA:20,(anonymous_8)
FNDA:0,componentWillReceiveProps
FNDA:33,_calcPage
FNDA:7,_isValid
FNDA:1,_changePageSize
FNDA:7,_handleChange
FNDA:7,(anonymous_14)
FNDA:1,_prev
FNDA:1,_next
FNDA:1,_jumpPrev
FNDA:1,_jumpNext
FNDA:12,_hasPrev
FNDA:12,_hasNext
FNDA:11,renderTotal
FNDA:11,render
FNDA:20,ref
DA:3,5
DA:5,2
DA:7,2
DA:9,1
DA:16,1
DA:17,1
DA:18,1
DA:19,1
DA:20,1
DA:22,1
DA:24,1
DA:25,1
DA:27,1
DA:28,2
DA:30,2
DA:32,2
DA:38,2
DA:42,20
DA:43,20
DA:45,2
DA:48,1
DA:49,0
DA:50,0
DA:56,0
DA:57,0
DA:65,1
DA:66,33
DA:67,33
DA:68,31
DA:70,33
DA:71,0
DA:73,33
DA:76,1
DA:77,7
DA:80,1
DA:81,1
DA:82,1
DA:84,1
DA:88,1
DA:89,1
DA:90,1
DA:96,1
DA:100,1
DA:101,7
DA:102,7
DA:103,7
DA:104,7
DA:105,0
DA:107,7
DA:111,7
DA:114,7
DA:117,0
DA:120,1
DA:121,1
DA:122,1
DA:126,1
DA:127,1
DA:128,1
DA:132,1
DA:133,1
DA:136,1
DA:137,1
DA:140,1
DA:141,12
DA:144,1
DA:145,12
DA:148,1
DA:149,11
DA:153,11
DA:154,11
DA:160,0
DA:163,1
DA:164,11
DA:166,11
DA:168,11
DA:169,11
DA:170,11
DA:171,11
DA:172,11
DA:173,11
DA:174,11
DA:176,11
DA:177,0
DA:202,11
DA:203,0
DA:234,11
DA:235,1
DA:236,5
DA:237,5
DA:246,10
DA:251,10
DA:256,10
DA:261,10
DA:266,10
DA:268,10
DA:269,10
DA:271,10
DA:272,5
DA:275,10
DA:276,2
DA:279,10
DA:280,50
DA:281,50
DA:287,10
DA:288,5
DA:290,10
DA:291,8
DA:294,10
DA:295,5
DA:297,10
DA:298,8
DA:302,11
DA:323,20
DA:338,1
DA:341,1
DA:356,1
DA:373,1
DA:375,1
LF:118
LH:108
BRDA:3,1,0,0
BRDA:3,1,1,5
BRDA:3,2,0,5
BRDA:3,2,1,5
BRDA:3,2,2,0
BRDA:5,3,0,0
BRDA:5,3,1,2
BRDA:7,4,0,0
BRDA:7,4,1,2
BRDA:7,5,0,0
BRDA:7,5,1,2
BRDA:7,6,0,2
BRDA:7,6,1,0
BRDA:7,6,2,0
BRDA:9,7,0,0
BRDA:9,7,1,1
BRDA:9,8,0,1
BRDA:9,8,1,0
BRDA:9,9,0,1
BRDA:9,9,1,1
BRDA:9,10,0,1
BRDA:9,10,1,0
BRDA:9,11,0,0
BRDA:9,11,1,1
BRDA:49,12,0,0
BRDA:49,12,1,0
BRDA:56,13,0,0
BRDA:56,13,1,0
BRDA:67,14,0,31
BRDA:67,14,1,2
BRDA:70,15,0,0
BRDA:70,15,1,33
BRDA:77,16,0,7
BRDA:77,16,1,7
BRDA:77,16,2,7
BRDA:81,17,0,1
BRDA:81,17,1,0
BRDA:88,18,0,1
BRDA:88,18,1,0
BRDA:103,19,0,7
BRDA:103,19,1,0
BRDA:104,20,0,0
BRDA:104,20,1,7
BRDA:121,21,0,1
BRDA:121,21,1,0
BRDA:127,22,0,1
BRDA:127,22,1,0
BRDA:153,23,0,11
BRDA:153,23,1,0
BRDA:176,24,0,0
BRDA:176,24,1,11
BRDA:182,25,0,0
BRDA:182,25,1,0
BRDA:196,26,0,0
BRDA:196,26,1,0
BRDA:202,27,0,0
BRDA:202,27,1,11
BRDA:208,28,0,0
BRDA:208,28,1,0
BRDA:228,29,0,0
BRDA:228,29,1,0
BRDA:234,30,0,1
BRDA:234,30,1,10
BRDA:271,31,0,5
BRDA:271,31,1,5
BRDA:275,32,0,2
BRDA:275,32,1,8
BRDA:287,33,0,5
BRDA:287,33,1,5
BRDA:290,34,0,8
BRDA:290,34,1,2
BRDA:294,35,0,5
BRDA:294,35,1,5
BRDA:297,36,0,8
BRDA:297,36,1,2
BRDA:311,37,0,9
BRDA:311,37,1,2
BRDA:317,38,0,9
BRDA:317,38,1,2
BRDA:329,39,0,11
BRDA:329,39,1,0
BRDA:333,40,0,11
BRDA:333,40,1,0
BRF:83
BRH:48
end_of_record
TN:
SF:/Users/ens/pwd/uxcore/uxcore-pagination/src/Pager.js
FN:3,_defaults
FN:5,_classCallCheck
FN:7,_possibleConstructorReturn
FN:9,_inherits
FN:14,(anonymous_5)
FN:17,Pager
FN:23,render
FNF:7
FNH:7
FNDA:1,_defaults
FNDA:33,_classCallCheck
FNDA:33,_possibleConstructorReturn
FNDA:1,_inherits
FNDA:1,(anonymous_5)
FNDA:33,Pager
FNDA:68,render
DA:3,5
DA:5,33
DA:7,33
DA:9,1
DA:11,1
DA:12,1
DA:14,1
DA:15,1
DA:17,1
DA:18,33
DA:20,33
DA:23,1
DA:24,68
DA:25,68
DA:26,68
DA:28,68
DA:29,10
DA:32,68
DA:33,68
DA:34,11
DA:35,57
DA:36,8
DA:38,49
DA:40,68
DA:51,1
DA:54,1
DA:60,1
LF:27
LH:27
BRDA:3,1,0,0
BRDA:3,1,1,5
BRDA:3,2,0,5
BRDA:3,2,1,5
BRDA:3,2,2,0
BRDA:5,3,0,0
BRDA:5,3,1,33
BRDA:7,4,0,0
BRDA:7,4,1,33
BRDA:7,5,0,0
BRDA:7,5,1,33
BRDA:7,6,0,33
BRDA:7,6,1,0
BRDA:7,6,2,0
BRDA:9,7,0,0
BRDA:9,7,1,1
BRDA:9,8,0,1
BRDA:9,8,1,0
BRDA:9,9,0,1
BRDA:9,9,1,1
BRDA:9,10,0,1
BRDA:9,10,1,0
BRDA:9,11,0,0
BRDA:9,11,1,1
BRDA:28,12,0,10
BRDA:28,12,1,58
BRDA:33,13,0,11
BRDA:33,13,1,57
BRDA:35,14,0,8
BRDA:35,14,1,49
BRF:30
BRH:19
end_of_record
TN:
SF:/Users/ens/pwd/uxcore/uxcore-pagination/src/Options.jsx
FN:3,_defaults
FN:5,_classCallCheck
FN:7,_possibleConstructorReturn
FN:9,_inherits
FN:16,(anonymous_5)
FN:19,Options
FN:28,(anonymous_7)
FN:35,componentWillReceiveProps
FN:41,handleButtonClick
FN:50,_changeSize
FN:54,_handleChange
FN:62,_go
FN:79,render
FN:108,(anonymous_14)
FNF:14
FNH:13
FNDA:1,_defaults
FNDA:2,_classCallCheck
FNDA:2,_possibleConstructorReturn
FNDA:1,_inherits
FNDA:1,(anonymous_5)
FNDA:2,Options
FNDA:8,(anonymous_7)
FNDA:9,componentWillReceiveProps
FNDA:0,handleButtonClick
FNDA:1,_changeSize
FNDA:1,_handleChange
FNDA:1,_go
FNDA:12,render
FNDA:48,(anonymous_14)
DA:3,5
DA:5,2
DA:7,2
DA:9,1
DA:11,1
DA:12,1
DA:13,1
DA:14,1
DA:16,1
DA:17,1
DA:19,1
DA:20,2
DA:22,2
DA:24,2
DA:28,2
DA:29,8
DA:30,8
DA:32,2
DA:35,1
DA:36,9
DA:41,1
DA:42,0
DA:50,1
DA:51,1
DA:54,1
DA:55,1
DA:57,1
DA:62,1
DA:63,1
DA:64,1
DA:65,0
DA:67,1
DA:68,1
DA:69,0
DA:71,1
DA:72,1
DA:73,1
DA:79,1
DA:80,12
DA:81,12
DA:82,12
DA:83,12
DA:84,12
DA:85,12
DA:86,12
DA:87,12
DA:88,12
DA:89,12
DA:91,12
DA:92,0
DA:95,12
DA:96,12
DA:97,12
DA:109,48
DA:118,12
DA:119,12
DA:144,12
DA:152,1
DA:155,1
DA:162,1
LF:60
LH:56
BRDA:3,1,0,0
BRDA:3,1,1,5
BRDA:3,2,0,5
BRDA:3,2,1,5
BRDA:3,2,2,0
BRDA:5,3,0,0
BRDA:5,3,1,2
BRDA:7,4,0,0
BRDA:7,4,1,2
BRDA:7,5,0,0
BRDA:7,5,1,2
BRDA:7,6,0,2
BRDA:7,6,1,0
BRDA:7,6,2,0
BRDA:9,7,0,0
BRDA:9,7,1,1
BRDA:9,8,0,1
BRDA:9,8,1,0
BRDA:9,9,0,1
BRDA:9,9,1,1
BRDA:9,10,0,1
BRDA:9,10,1,0
BRDA:9,11,0,0
BRDA:9,11,1,1
BRDA:64,12,0,0
BRDA:64,12,1,1
BRDA:68,13,0,0
BRDA:68,13,1,1
BRDA:71,14,0,1
BRDA:71,14,1,0
BRDA:91,15,0,0
BRDA:91,15,1,12
BRDA:91,16,0,12
BRDA:91,16,1,0
BRDA:95,17,0,12
BRDA:95,17,1,0
BRDA:95,18,0,12
BRDA:95,18,1,12
BRDA:105,19,0,0
BRDA:105,19,1,12
BRDA:118,20,0,12
BRDA:118,20,1,0
BRF:42
BRH:23
end_of_record
TN:
SF:/Users/ens/pwd/uxcore/uxcore-pagination/src/KeyCode.js
FNF:0
FNH:0
DA:3,1
LF:1
LH:1
BRF:0
BRH:0
end_of_record
TN:
SF:/Users/ens/pwd/uxcore/uxcore-pagination/src/locale.js
FN:8,total
FN:12,pageNo
FN:21,total
FN:25,pageNo
FNF:4
FNH:1
FNDA:0,total
FNDA:0,pageNo
FNDA:11,total
FNDA:0,pageNo
DA:3,1
DA:9,0
DA:13,0
DA:22,11
DA:26,0
DA:31,1
DA:33,1
LF:7
LH:4
BRF:0
BRH:0
end_of_record
