TN:
SF:/Users/vincent.bian/uxcore/uxcore-pagination/src/index.js
FNF:0
FNH:0
DA:11,1
LF:1
LH:1
BRF:0
BRH:0
end_of_record
TN:
SF:/Users/vincent.bian/uxcore/uxcore-pagination/src/Pagination.js
FN:3,_defaults
FN:5,_classCallCheck
FN:7,_possibleConstructorReturn
FN:9,_inherits
FN:24,noop
FN:26,(anonymous_6)
FN:29,Pagination
FN:43,(anonymous_8)
FN:49,componentWillReceiveProps
FN:64,renderTotal
FN:75,render
FN:189,ref
FN:205,_calcPage
FN:213,_isValid
FN:248,_changePageSize
FN:268,_handleChange
FN:278,(anonymous_17)
FN:288,_prev
FN:294,_next
FN:300,_jumpPrev
FN:304,_jumpNext
FN:308,_hasPrev
FN:312,_hasNext
FNF:23
FNH:22
FNDA:1,_defaults
FNDA:2,_classCallCheck
FNDA:2,_possibleConstructorReturn
FNDA:1,_inherits
FNDA:8,noop
FNDA:1,(anonymous_6)
FNDA:2,Pagination
FNDA:20,(anonymous_8)
FNDA:0,componentWillReceiveProps
FNDA:11,renderTotal
FNDA:11,render
FNDA:20,ref
FNDA:33,_calcPage
FNDA:7,_isValid
FNDA:1,_changePageSize
FNDA:7,_handleChange
FNDA:7,(anonymous_17)
FNDA:1,_prev
FNDA:1,_next
FNDA:1,_jumpPrev
FNDA:1,_jumpNext
FNDA:12,_hasPrev
FNDA:12,_hasNext
DA:3,5
DA:5,2
DA:7,2
DA:9,1
DA:16,1
DA:17,1
DA:18,1
DA:19,1
DA:20,1
DA:21,1
DA:22,1
DA:24,1
DA:26,1
DA:27,1
DA:29,1
DA:30,2
DA:32,2
DA:34,2
DA:40,2
DA:44,20
DA:46,2
DA:49,1
DA:50,0
DA:51,0
DA:57,0
DA:58,0
DA:64,1
DA:65,11
DA:66,11
DA:67,11
DA:75,1
DA:76,11
DA:78,11
DA:80,11
DA:81,11
DA:82,11
DA:83,11
DA:84,11
DA:85,11
DA:86,11
DA:88,11
DA:89,0
DA:120,11
DA:121,1
DA:122,5
DA:123,5
DA:126,10
DA:131,10
DA:136,10
DA:137,10
DA:139,10
DA:141,10
DA:142,10
DA:144,10
DA:145,5
DA:148,10
DA:149,2
DA:152,10
DA:153,50
DA:154,50
DA:157,10
DA:158,5
DA:160,10
DA:161,8
DA:164,10
DA:165,5
DA:167,10
DA:168,8
DA:172,11
DA:190,20
DA:205,1
DA:206,33
DA:207,33
DA:208,31
DA:210,33
DA:213,1
DA:214,7
DA:248,1
DA:249,1
DA:250,1
DA:252,1
DA:256,1
DA:257,1
DA:258,1
DA:264,1
DA:268,1
DA:269,7
DA:270,7
DA:271,7
DA:272,7
DA:273,0
DA:275,7
DA:279,7
DA:282,7
DA:285,0
DA:288,1
DA:289,1
DA:290,1
DA:294,1
DA:295,1
DA:296,1
DA:300,1
DA:301,1
DA:304,1
DA:305,1
DA:308,1
DA:309,12
DA:312,1
DA:313,12
DA:316,1
DA:319,1
DA:333,1
DA:350,1
DA:352,1
LF:114
LH:107
BRDA:3,1,0,0
BRDA:3,1,1,5
BRDA:3,2,0,5
BRDA:3,2,1,5
BRDA:3,2,2,0
BRDA:5,3,0,0
BRDA:5,3,1,2
BRDA:7,4,0,0
BRDA:7,4,1,2
BRDA:7,5,0,0
BRDA:7,5,1,2
BRDA:7,6,0,2
BRDA:7,6,1,0
BRDA:7,6,2,0
BRDA:9,7,0,0
BRDA:9,7,1,1
BRDA:9,8,0,1
BRDA:9,8,1,0
BRDA:9,9,0,1
BRDA:9,9,1,1
BRDA:9,10,0,1
BRDA:9,10,1,0
BRDA:9,11,0,0
BRDA:9,11,1,1
BRDA:50,12,0,0
BRDA:50,12,1,0
BRDA:57,13,0,0
BRDA:57,13,1,0
BRDA:65,14,0,11
BRDA:65,14,1,0
BRDA:66,15,0,11
BRDA:66,15,1,0
BRDA:88,16,0,0
BRDA:88,16,1,11
BRDA:109,17,0,0
BRDA:109,17,1,0
BRDA:114,18,0,0
BRDA:114,18,1,0
BRDA:120,19,0,1
BRDA:120,19,1,10
BRDA:144,20,0,5
BRDA:144,20,1,5
BRDA:148,21,0,2
BRDA:148,21,1,8
BRDA:157,22,0,5
BRDA:157,22,1,5
BRDA:160,23,0,8
BRDA:160,23,1,2
BRDA:164,24,0,5
BRDA:164,24,1,5
BRDA:167,25,0,8
BRDA:167,25,1,2
BRDA:178,26,0,9
BRDA:178,26,1,2
BRDA:184,27,0,9
BRDA:184,27,1,2
BRDA:195,28,0,11
BRDA:195,28,1,0
BRDA:199,29,0,11
BRDA:199,29,1,0
BRDA:207,30,0,31
BRDA:207,30,1,2
BRDA:214,31,0,7
BRDA:214,31,1,7
BRDA:214,31,2,7
BRDA:249,32,0,1
BRDA:249,32,1,0
BRDA:256,33,0,1
BRDA:256,33,1,0
BRDA:271,34,0,7
BRDA:271,34,1,0
BRDA:272,35,0,0
BRDA:272,35,1,7
BRDA:289,36,0,1
BRDA:289,36,1,0
BRDA:295,37,0,1
BRDA:295,37,1,0
BRF:77
BRH:47
end_of_record
TN:
SF:/Users/vincent.bian/uxcore/uxcore-pagination/src/Pager.js
FN:3,_defaults
FN:5,_classCallCheck
FN:7,_possibleConstructorReturn
FN:9,_inherits
FN:14,(anonymous_5)
FN:17,Pager
FN:23,render
FNF:7
FNH:7
FNDA:1,_defaults
FNDA:33,_classCallCheck
FNDA:33,_possibleConstructorReturn
FNDA:1,_inherits
FNDA:1,(anonymous_5)
FNDA:33,Pager
FNDA:68,render
DA:3,5
DA:5,33
DA:7,33
DA:9,1
DA:11,1
DA:12,1
DA:14,1
DA:15,1
DA:17,1
DA:18,33
DA:20,33
DA:23,1
DA:24,68
DA:25,68
DA:26,68
DA:28,68
DA:29,10
DA:32,68
DA:33,68
DA:34,11
DA:35,57
DA:36,8
DA:38,49
DA:40,68
DA:51,1
DA:54,1
DA:60,1
LF:27
LH:27
BRDA:3,1,0,0
BRDA:3,1,1,5
BRDA:3,2,0,5
BRDA:3,2,1,5
BRDA:3,2,2,0
BRDA:5,3,0,0
BRDA:5,3,1,33
BRDA:7,4,0,0
BRDA:7,4,1,33
BRDA:7,5,0,0
BRDA:7,5,1,33
BRDA:7,6,0,33
BRDA:7,6,1,0
BRDA:7,6,2,0
BRDA:9,7,0,0
BRDA:9,7,1,1
BRDA:9,8,0,1
BRDA:9,8,1,0
BRDA:9,9,0,1
BRDA:9,9,1,1
BRDA:9,10,0,1
BRDA:9,10,1,0
BRDA:9,11,0,0
BRDA:9,11,1,1
BRDA:28,12,0,10
BRDA:28,12,1,58
BRDA:33,13,0,11
BRDA:33,13,1,57
BRDA:35,14,0,8
BRDA:35,14,1,49
BRF:30
BRH:19
end_of_record
TN:
SF:/Users/vincent.bian/uxcore/uxcore-pagination/src/Options.js
FN:3,_defaults
FN:5,_classCallCheck
FN:7,_possibleConstructorReturn
FN:9,_inherits
FN:16,(anonymous_5)
FN:19,Options
FN:29,(anonymous_7)
FN:35,render
FN:54,(anonymous_9)
FN:65,(anonymous_10)
FN:94,_changeSize
FN:98,_handleChange
FN:106,_go
FNF:13
FNH:13
FNDA:1,_defaults
FNDA:2,_classCallCheck
FNDA:2,_possibleConstructorReturn
FNDA:1,_inherits
FNDA:1,(anonymous_5)
FNDA:2,Options
FNDA:6,(anonymous_7)
FNDA:12,render
FNDA:12,(anonymous_9)
FNDA:48,(anonymous_10)
FNDA:1,_changeSize
FNDA:1,_handleChange
FNDA:1,_go
DA:3,5
DA:5,2
DA:7,2
DA:9,1
DA:11,1
DA:12,1
DA:13,1
DA:14,1
DA:16,1
DA:17,1
DA:19,1
DA:20,2
DA:22,2
DA:24,2
DA:29,2
DA:30,6
DA:32,2
DA:35,1
DA:36,12
DA:38,12
DA:39,12
DA:40,12
DA:41,12
DA:42,12
DA:43,12
DA:44,12
DA:45,12
DA:46,12
DA:47,12
DA:49,12
DA:50,0
DA:53,12
DA:54,12
DA:55,12
DA:56,12
DA:66,48
DA:76,12
DA:77,12
DA:86,12
DA:94,1
DA:95,1
DA:98,1
DA:99,1
DA:101,1
DA:106,1
DA:107,1
DA:108,1
DA:109,0
DA:111,1
DA:112,1
DA:113,0
DA:115,1
DA:116,1
DA:117,1
DA:124,1
DA:127,1
DA:134,1
LF:57
LH:54
BRDA:3,1,0,0
BRDA:3,1,1,5
BRDA:3,2,0,5
BRDA:3,2,1,5
BRDA:3,2,2,0
BRDA:5,3,0,0
BRDA:5,3,1,2
BRDA:7,4,0,0
BRDA:7,4,1,2
BRDA:7,5,0,0
BRDA:7,5,1,2
BRDA:7,6,0,2
BRDA:7,6,1,0
BRDA:7,6,2,0
BRDA:9,7,0,0
BRDA:9,7,1,1
BRDA:9,8,0,1
BRDA:9,8,1,0
BRDA:9,9,0,1
BRDA:9,9,1,1
BRDA:9,10,0,1
BRDA:9,10,1,0
BRDA:9,11,0,0
BRDA:9,11,1,1
BRDA:49,12,0,0
BRDA:49,12,1,12
BRDA:49,13,0,12
BRDA:49,13,1,0
BRDA:53,14,0,12
BRDA:53,14,1,0
BRDA:53,15,0,12
BRDA:53,15,1,12
BRDA:63,16,0,0
BRDA:63,16,1,12
BRDA:76,17,0,12
BRDA:76,17,1,0
BRDA:108,18,0,0
BRDA:108,18,1,1
BRDA:112,19,0,0
BRDA:112,19,1,1
BRDA:115,20,0,1
BRDA:115,20,1,0
BRF:42
BRH:23
end_of_record
TN:
SF:/Users/vincent.bian/uxcore/uxcore-pagination/src/KeyCode.js
FNF:0
FNH:0
DA:3,1
LF:1
LH:1
BRF:0
BRH:0
end_of_record
TN:
SF:/Users/vincent.bian/uxcore/uxcore-pagination/src/locale.js
FNF:0
FNH:0
DA:3,1
DA:22,1
DA:24,1
LF:3
LH:3
BRF:0
BRH:0
end_of_record
